0 info it worked if it ends with ok
1 verbose cli [ '/Users/zchub/.nvm/versions/node/v5.6.0/bin/node',
1 verbose cli   '/Users/zchub/.nvm/versions/node/v5.6.0/bin/npm',
1 verbose cli   'run',
1 verbose cli   'changelog' ]
2 info using npm@3.6.0
3 info using node@v5.6.0
4 verbose run-script [ 'prechangelog', 'changelog', 'postchangelog' ]
5 info lifecycle yoyo@1.0.0~prechangelog: yoyo@1.0.0
6 silly lifecycle yoyo@1.0.0~prechangelog: no script for prechangelog, continuing
7 info lifecycle yoyo@1.0.0~changelog: yoyo@1.0.0
8 verbose lifecycle yoyo@1.0.0~changelog: unsafe-perm in lifecycle true
9 verbose lifecycle yoyo@1.0.0~changelog: PATH: /Users/zchub/.nvm/versions/node/v5.6.0/lib/node_modules/npm/bin/node-gyp-bin:/Users/zchub/githubspce/yoyo/node_modules/.bin:/Users/zchub/.nvm/versions/node/v5.6.0/bin:/usr/local/bin:/usr/bin:/bin:/usr/sbin:/sbin:/usr/local/git/bin
10 verbose lifecycle yoyo@1.0.0~changelog: CWD: /Users/zchub/githubspce/yoyo
11 silly lifecycle yoyo@1.0.0~changelog: Args: [ '-c',
11 silly lifecycle   'conventional-changelog -p angular -i CHANGELOG.md -w -r 0' ]
12 info lifecycle yoyo@1.0.0~changelog: Failed to exec changelog script
13 verbose stack Error: yoyo@1.0.0 changelog: `conventional-changelog -p angular -i CHANGELOG.md -w -r 0`
13 verbose stack spawn ENOENT
13 verbose stack     at ChildProcess.<anonymous> (/Users/zchub/.nvm/versions/node/v5.6.0/lib/node_modules/npm/lib/utils/spawn.js:17:16)
13 verbose stack     at emitTwo (events.js:100:13)
13 verbose stack     at ChildProcess.emit (events.js:185:7)
13 verbose stack     at maybeClose (internal/child_process.js:827:16)
13 verbose stack     at Process.ChildProcess._handle.onexit (internal/child_process.js:211:5)
14 verbose pkgid yoyo@1.0.0
15 verbose cwd /Users/zchub/githubspce/yoyo
16 error Darwin 14.5.0
17 error argv "/Users/zchub/.nvm/versions/node/v5.6.0/bin/node" "/Users/zchub/.nvm/versions/node/v5.6.0/bin/npm" "run" "changelog"
18 error node v5.6.0
19 error npm  v3.6.0
20 error file sh
21 error code ELIFECYCLE
22 error errno ENOENT
23 error syscall spawn
24 error yoyo@1.0.0 changelog: `conventional-changelog -p angular -i CHANGELOG.md -w -r 0`
24 error spawn ENOENT
25 error Failed at the yoyo@1.0.0 changelog script 'conventional-changelog -p angular -i CHANGELOG.md -w -r 0'.
25 error Make sure you have the latest version of node.js and npm installed.
25 error If you do, this is most likely a problem with the yoyo package,
25 error not with npm itself.
25 error Tell the author that this fails on your system:
25 error     conventional-changelog -p angular -i CHANGELOG.md -w -r 0
25 error You can get information on how to open an issue for this project with:
25 error     npm bugs yoyo
25 error Or if that isn't available, you can get their info via:
25 error     npm owner ls yoyo
25 error There is likely additional logging output above.
26 verbose exit [ 1, true ]
